The system is: Darwin - 17.5.0 - x86_64
Compiling the C compiler identification source file "CMakeCCompilerId.c" succeeded.
Compiler: /anaconda3/bin/cc 
Build flags: 
Id flags:  

The output was:
0


Compilation of the C compiler identification source "CMakeCCompilerId.c" produced "a.out"

The C compiler identification is GNU, found in "/Users/jesse/Documents/Koulu/cpp/project/path-tracer-4/cmake-build-debug/CMakeFiles/3.12.3/CompilerIdC/a.out"

Compiling the CXX compiler identification source file "CMakeCXXCompilerId.cpp" succeeded.
Compiler: /anaconda3/bin/c++ 
Build flags: 
Id flags:  

The output was:
0


Compilation of the CXX compiler identification source "CMakeCXXCompilerId.cpp" produced "a.out"

The CXX compiler identification is GNU, found in "/Users/jesse/Documents/Koulu/cpp/project/path-tracer-4/cmake-build-debug/CMakeFiles/3.12.3/CompilerIdCXX/a.out"

Determining if the C compiler works passed with the following output:
Change Dir: /Users/jesse/Documents/Koulu/cpp/project/path-tracer-4/cmake-build-debug/CMakeFiles/CMakeTmp

Run Build Command:"/usr/bin/make" "cmTC_caa5f/fast"
/Library/Developer/CommandLineTools/usr/bin/make -f CMakeFiles/cmTC_caa5f.dir/build.make CMakeFiles/cmTC_caa5f.dir/build
Building C object CMakeFiles/cmTC_caa5f.dir/testCCompiler.c.o
/anaconda3/bin/cc    -o CMakeFiles/cmTC_caa5f.dir/testCCompiler.c.o   -c /Users/jesse/Documents/Koulu/cpp/project/path-tracer-4/cmake-build-debug/CMakeFiles/CMakeTmp/testCCompiler.c
Linking C executable cmTC_caa5f
/Applications/CLion.app/Contents/bin/cmake/mac/bin/cmake -E cmake_link_script CMakeFiles/cmTC_caa5f.dir/link.txt --verbose=1
/anaconda3/bin/cc   -Wl,-search_paths_first -Wl,-headerpad_max_install_names   CMakeFiles/cmTC_caa5f.dir/testCCompiler.c.o  -o cmTC_caa5f 


Detecting C compiler ABI info compiled with the following output:
Change Dir: /Users/jesse/Documents/Koulu/cpp/project/path-tracer-4/cmake-build-debug/CMakeFiles/CMakeTmp

Run Build Command:"/usr/bin/make" "cmTC_0ae84/fast"
/Library/Developer/CommandLineTools/usr/bin/make -f CMakeFiles/cmTC_0ae84.dir/build.make CMakeFiles/cmTC_0ae84.dir/build
Building C object CMakeFiles/cmTC_0ae84.dir/CMakeCCompilerABI.c.o
/anaconda3/bin/cc    -o CMakeFiles/cmTC_0ae84.dir/CMakeCCompilerABI.c.o   -c /Applications/CLion.app/Contents/bin/cmake/mac/share/cmake-3.12/Modules/CMakeCCompilerABI.c
Linking C executable cmTC_0ae84
/Applications/CLion.app/Contents/bin/cmake/mac/bin/cmake -E cmake_link_script CMakeFiles/cmTC_0ae84.dir/link.txt --verbose=1
/anaconda3/bin/cc   -Wl,-search_paths_first -Wl,-headerpad_max_install_names  -v -Wl,-v CMakeFiles/cmTC_0ae84.dir/CMakeCCompilerABI.c.o  -o cmTC_0ae84 
Using built-in specs.
COLLECT_GCC=/anaconda3/bin/cc
COLLECT_LTO_WRAPPER=/anaconda3/bin/../libexec/gcc/x86_64-apple-darwin11.4.2/4.8.5/lto-wrapper
Target: x86_64-apple-darwin11.4.2
Configured with: ./configure --prefix=/Users/ray/mc-x64-3.5/conda-bld/gcc-4.8_1477649012852/_b_env_placehold_placehold_placehold_placehold_placehold_placehold_placehold_placehold_placehold_placehold_placehold_placehold_placehold_placehold_placehold_placehold_placehold_placehold_placehold_plac --with-gxx-include-dir=/Users/ray/mc-x64-3.5/conda-bld/gcc-4.8_1477649012852/_b_env_placehold_placehold_placehold_placehold_placehold_placehold_placehold_placehold_placehold_placehold_placehold_placehold_placehold_placehold_placehold_placehold_placehold_placehold_placehold_plac/gcc/include/c++ --bindir=/Users/ray/mc-x64-3.5/conda-bld/gcc-4.8_1477649012852/_b_env_placehold_placehold_placehold_placehold_placehold_placehold_placehold_placehold_placehold_placehold_placehold_placehold_placehold_placehold_placehold_placehold_placehold_placehold_placehold_plac/bin --datarootdir=/Users/ray/mc-x64-3.5/conda-bld/gcc-4.8_1477649012852/_b_env_placehold_placehold_placehold_placehold_placehold_placehold_placehold_placehold_placehold_placehold_placehold_placehold_placehold_placehold_placehold_placehold_placehold_placehold_placehold_plac/share --libdir=/Users/ray/mc-x64-3.5/conda-bld/gcc-4.8_1477649012852/_b_env_placehold_placehold_placehold_placehold_placehold_placehold_placehold_placehold_placehold_placehold_placehold_placehold_placehold_placehold_placehold_placehold_placehold_placehold_placehold_plac/lib --with-gmp=/Users/ray/mc-x64-3.5/conda-bld/gcc-4.8_1477649012852/_b_env_placehold_placehold_placehold_placehold_placehold_placehold_placehold_placehold_placehold_placehold_placehold_placehold_placehold_placehold_placehold_placehold_placehold_placehold_placehold_plac --with-mpfr=/Users/ray/mc-x64-3.5/conda-bld/gcc-4.8_1477649012852/_b_env_placehold_placehold_placehold_placehold_placehold_placehold_placehold_placehold_placehold_placehold_placehold_placehold_placehold_placehold_placehold_placehold_placehold_placehold_placehold_plac --with-mpc=/Users/ray/mc-x64-3.5/conda-bld/gcc-4.8_1477649012852/_b_env_placehold_placehold_placehold_placehold_placehold_placehold_placehold_placehold_placehold_placehold_placehold_placehold_placehold_placehold_placehold_placehold_placehold_placehold_placehold_plac --with-isl=/Users/ray/mc-x64-3.5/conda-bld/gcc-4.8_1477649012852/_b_env_placehold_placehold_placehold_placehold_placehold_placehold_placehold_placehold_placehold_placehold_placehold_placehold_placehold_placehold_placehold_placehold_placehold_placehold_placehold_plac --with-cloog=/Users/ray/mc-x64-3.5/conda-bld/gcc-4.8_1477649012852/_b_env_placehold_placehold_placehold_placehold_placehold_placehold_placehold_placehold_placehold_placehold_placehold_placehold_placehold_placehold_placehold_placehold_placehold_placehold_placehold_plac --with-boot-ldflags='-Wl,-headerpad_max_install_names -Wl,-L/Users/ray/mc-x64-3.5/conda-bld/gcc-4.8_1477649012852/_b_env_placehold_placehold_placehold_placehold_placehold_placehold_placehold_placehold_placehold_placehold_placehold_placehold_placehold_placehold_placehold_placehold_placehold_placehold_placehold_plac/lib -Wl,-L/usr/lib' --with-stage1-ldflags='-Wl,-headerpad_max_install_names -Wl,-L/Users/ray/mc-x64-3.5/conda-bld/gcc-4.8_1477649012852/_b_env_placehold_placehold_placehold_placehold_placehold_placehold_placehold_placehold_placehold_placehold_placehold_placehold_placehold_placehold_placehold_placehold_placehold_placehold_placehold_plac/lib -Wl,-L/usr/lib' --enable-checking=release --with-tune=generic --disable-multilib
Thread model: posix
gcc version 4.8.5 (GCC) 
COMPILER_PATH=/anaconda3/bin/../libexec/gcc/x86_64-apple-darwin11.4.2/4.8.5/:/anaconda3/bin/../libexec/gcc/
LIBRARY_PATH=/anaconda3/bin/../lib/gcc/x86_64-apple-darwin11.4.2/4.8.5/:/anaconda3/bin/../lib/gcc/:/anaconda3/bin/../lib/gcc/x86_64-apple-darwin11.4.2/4.8.5/../../../:/usr/lib/
COLLECT_GCC_OPTIONS='-mmacosx-version-min=10.13.5' '-v' '-o' 'cmTC_0ae84' '-mtune=generic'
 /anaconda3/bin/../libexec/gcc/x86_64-apple-darwin11.4.2/4.8.5/collect2 -dynamic -arch x86_64 -macosx_version_min 10.13.5 -weak_reference_mismatches non-weak -o cmTC_0ae84 -L/anaconda3/bin/../lib/gcc/x86_64-apple-darwin11.4.2/4.8.5 -L/anaconda3/bin/../lib/gcc -L/anaconda3/bin/../lib/gcc/x86_64-apple-darwin11.4.2/4.8.5/../../.. -search_paths_first -headerpad_max_install_names -v CMakeFiles/cmTC_0ae84.dir/CMakeCCompilerABI.c.o -no_compact_unwind -lSystem -lgcc_ext.10.5 -lgcc -lSystem -v
collect2 version 4.8.5
/usr/bin/ld -dynamic -arch x86_64 -macosx_version_min 10.13.5 -weak_reference_mismatches non-weak -o cmTC_0ae84 -L/anaconda3/bin/../lib/gcc/x86_64-apple-darwin11.4.2/4.8.5 -L/anaconda3/bin/../lib/gcc -L/anaconda3/bin/../lib/gcc/x86_64-apple-darwin11.4.2/4.8.5/../../.. -search_paths_first -headerpad_max_install_names -v CMakeFiles/cmTC_0ae84.dir/CMakeCCompilerABI.c.o -no_compact_unwind -lSystem -lgcc_ext.10.5 -lgcc -lSystem -v
@(#)PROGRAM:ld  PROJECT:ld64-351.8
configured to support archs: armv6 armv7 armv7s arm64 i386 x86_64 x86_64h armv6m armv7k armv7m armv7em (tvOS)
@(#)PROGRAM:ld  PROJECT:ld64-351.8
configured to support archs: armv6 armv7 armv7s arm64 i386 x86_64 x86_64h armv6m armv7k armv7m armv7em (tvOS)
Library search paths:
	/anaconda3/lib/gcc/x86_64-apple-darwin11.4.2/4.8.5
	/anaconda3/lib/gcc
	/anaconda3/lib
	/usr/lib
	/usr/local/lib
Framework search paths:
	/Library/Frameworks/
	/System/Library/Frameworks/


Parsed C implicit link information from above output:
  link line regex: [^( *|.*[/\])(ld|CMAKE_LINK_STARTFILE-NOTFOUND|([^/\]+-)?ld|collect2)[^/\]*( |$)]
  ignore line: [Change Dir: /Users/jesse/Documents/Koulu/cpp/project/path-tracer-4/cmake-build-debug/CMakeFiles/CMakeTmp]
  ignore line: []
  ignore line: [Run Build Command:"/usr/bin/make" "cmTC_0ae84/fast"]
  ignore line: [/Library/Developer/CommandLineTools/usr/bin/make -f CMakeFiles/cmTC_0ae84.dir/build.make CMakeFiles/cmTC_0ae84.dir/build]
  ignore line: [Building C object CMakeFiles/cmTC_0ae84.dir/CMakeCCompilerABI.c.o]
  ignore line: [/anaconda3/bin/cc    -o CMakeFiles/cmTC_0ae84.dir/CMakeCCompilerABI.c.o   -c /Applications/CLion.app/Contents/bin/cmake/mac/share/cmake-3.12/Modules/CMakeCCompilerABI.c]
  ignore line: [Linking C executable cmTC_0ae84]
  ignore line: [/Applications/CLion.app/Contents/bin/cmake/mac/bin/cmake -E cmake_link_script CMakeFiles/cmTC_0ae84.dir/link.txt --verbose=1]
  ignore line: [/anaconda3/bin/cc   -Wl,-search_paths_first -Wl,-headerpad_max_install_names  -v -Wl,-v CMakeFiles/cmTC_0ae84.dir/CMakeCCompilerABI.c.o  -o cmTC_0ae84 ]
  ignore line: [Using built-in specs.]
  ignore line: [COLLECT_GCC=/anaconda3/bin/cc]
  ignore line: [COLLECT_LTO_WRAPPER=/anaconda3/bin/../libexec/gcc/x86_64-apple-darwin11.4.2/4.8.5/lto-wrapper]
  ignore line: [Target: x86_64-apple-darwin11.4.2]
  ignore line: [Configured with: ./configure --prefix=/Users/ray/mc-x64-3.5/conda-bld/gcc-4.8_1477649012852/_b_env_placehold_placehold_placehold_placehold_placehold_placehold_placehold_placehold_placehold_placehold_placehold_placehold_placehold_placehold_placehold_placehold_placehold_placehold_placehold_plac --with-gxx-include-dir=/Users/ray/mc-x64-3.5/conda-bld/gcc-4.8_1477649012852/_b_env_placehold_placehold_placehold_placehold_placehold_placehold_placehold_placehold_placehold_placehold_placehold_placehold_placehold_placehold_placehold_placehold_placehold_placehold_placehold_plac/gcc/include/c++ --bindir=/Users/ray/mc-x64-3.5/conda-bld/gcc-4.8_1477649012852/_b_env_placehold_placehold_placehold_placehold_placehold_placehold_placehold_placehold_placehold_placehold_placehold_placehold_placehold_placehold_placehold_placehold_placehold_placehold_placehold_plac/bin --datarootdir=/Users/ray/mc-x64-3.5/conda-bld/gcc-4.8_1477649012852/_b_env_placehold_placehold_placehold_placehold_placehold_placehold_placehold_placehold_placehold_placehold_placehold_placehold_placehold_placehold_placehold_placehold_placehold_placehold_placehold_plac/share --libdir=/Users/ray/mc-x64-3.5/conda-bld/gcc-4.8_1477649012852/_b_env_placehold_placehold_placehold_placehold_placehold_placehold_placehold_placehold_placehold_placehold_placehold_placehold_placehold_placehold_placehold_placehold_placehold_placehold_placehold_plac/lib --with-gmp=/Users/ray/mc-x64-3.5/conda-bld/gcc-4.8_1477649012852/_b_env_placehold_placehold_placehold_placehold_placehold_placehold_placehold_placehold_placehold_placehold_placehold_placehold_placehold_placehold_placehold_placehold_placehold_placehold_placehold_plac --with-mpfr=/Users/ray/mc-x64-3.5/conda-bld/gcc-4.8_1477649012852/_b_env_placehold_placehold_placehold_placehold_placehold_placehold_placehold_placehold_placehold_placehold_placehold_placehold_placehold_placehold_placehold_placehold_placehold_placehold_placehold_plac --with-mpc=/Users/ray/mc-x64-3.5/conda-bld/gcc-4.8_1477649012852/_b_env_placehold_placehold_placehold_placehold_placehold_placehold_placehold_placehold_placehold_placehold_placehold_placehold_placehold_placehold_placehold_placehold_placehold_placehold_placehold_plac --with-isl=/Users/ray/mc-x64-3.5/conda-bld/gcc-4.8_1477649012852/_b_env_placehold_placehold_placehold_placehold_placehold_placehold_placehold_placehold_placehold_placehold_placehold_placehold_placehold_placehold_placehold_placehold_placehold_placehold_placehold_plac --with-cloog=/Users/ray/mc-x64-3.5/conda-bld/gcc-4.8_1477649012852/_b_env_placehold_placehold_placehold_placehold_placehold_placehold_placehold_placehold_placehold_placehold_placehold_placehold_placehold_placehold_placehold_placehold_placehold_placehold_placehold_plac --with-boot-ldflags='-Wl,-headerpad_max_install_names -Wl,-L/Users/ray/mc-x64-3.5/conda-bld/gcc-4.8_1477649012852/_b_env_placehold_placehold_placehold_placehold_placehold_placehold_placehold_placehold_placehold_placehold_placehold_placehold_placehold_placehold_placehold_placehold_placehold_placehold_placehold_plac/lib -Wl,-L/usr/lib' --with-stage1-ldflags='-Wl,-headerpad_max_install_names -Wl,-L/Users/ray/mc-x64-3.5/conda-bld/gcc-4.8_1477649012852/_b_env_placehold_placehold_placehold_placehold_placehold_placehold_placehold_placehold_placehold_placehold_placehold_placehold_placehold_placehold_placehold_placehold_placehold_placehold_placehold_plac/lib -Wl,-L/usr/lib' --enable-checking=release --with-tune=generic --disable-multilib]
  ignore line: [Thread model: posix]
  ignore line: [gcc version 4.8.5 (GCC) ]
  ignore line: [COMPILER_PATH=/anaconda3/bin/../libexec/gcc/x86_64-apple-darwin11.4.2/4.8.5/:/anaconda3/bin/../libexec/gcc/]
  ignore line: [LIBRARY_PATH=/anaconda3/bin/../lib/gcc/x86_64-apple-darwin11.4.2/4.8.5/:/anaconda3/bin/../lib/gcc/:/anaconda3/bin/../lib/gcc/x86_64-apple-darwin11.4.2/4.8.5/../../../:/usr/lib/]
  ignore line: [COLLECT_GCC_OPTIONS='-mmacosx-version-min=10.13.5' '-v' '-o' 'cmTC_0ae84' '-mtune=generic']
  link line: [ /anaconda3/bin/../libexec/gcc/x86_64-apple-darwin11.4.2/4.8.5/collect2 -dynamic -arch x86_64 -macosx_version_min 10.13.5 -weak_reference_mismatches non-weak -o cmTC_0ae84 -L/anaconda3/bin/../lib/gcc/x86_64-apple-darwin11.4.2/4.8.5 -L/anaconda3/bin/../lib/gcc -L/anaconda3/bin/../lib/gcc/x86_64-apple-darwin11.4.2/4.8.5/../../.. -search_paths_first -headerpad_max_install_names -v CMakeFiles/cmTC_0ae84.dir/CMakeCCompilerABI.c.o -no_compact_unwind -lSystem -lgcc_ext.10.5 -lgcc -lSystem -v]
    arg [/anaconda3/bin/../libexec/gcc/x86_64-apple-darwin11.4.2/4.8.5/collect2] ==> ignore
    arg [-dynamic] ==> ignore
    arg [-arch] ==> ignore
    arg [x86_64] ==> ignore
    arg [-macosx_version_min] ==> ignore
    arg [10.13.5] ==> ignore
    arg [-weak_reference_mismatches] ==> ignore
    arg [non-weak] ==> ignore
    arg [-o] ==> ignore
    arg [cmTC_0ae84] ==> ignore
    arg [-L/anaconda3/bin/../lib/gcc/x86_64-apple-darwin11.4.2/4.8.5] ==> dir [/anaconda3/bin/../lib/gcc/x86_64-apple-darwin11.4.2/4.8.5]
    arg [-L/anaconda3/bin/../lib/gcc] ==> dir [/anaconda3/bin/../lib/gcc]
    arg [-L/anaconda3/bin/../lib/gcc/x86_64-apple-darwin11.4.2/4.8.5/../../..] ==> dir [/anaconda3/bin/../lib/gcc/x86_64-apple-darwin11.4.2/4.8.5/../../..]
    arg [-search_paths_first] ==> ignore
    arg [-headerpad_max_install_names] ==> ignore
    arg [-v] ==> ignore
    arg [CMakeFiles/cmTC_0ae84.dir/CMakeCCompilerABI.c.o] ==> ignore
    arg [-no_compact_unwind] ==> ignore
    arg [-lSystem] ==> lib [System]
    arg [-lgcc_ext.10.5] ==> lib [gcc_ext.10.5]
    arg [-lgcc] ==> lib [gcc]
    arg [-lSystem] ==> lib [System]
    arg [-v] ==> ignore
  Library search paths: [;/anaconda3/lib/gcc/x86_64-apple-darwin11.4.2/4.8.5;/anaconda3/lib/gcc;/anaconda3/lib;/usr/lib;/usr/local/lib]
  Framework search paths: [;/Library/Frameworks/;/System/Library/Frameworks/]
  remove lib [System]
  remove lib [System]
  collapse library dir [/anaconda3/bin/../lib/gcc/x86_64-apple-darwin11.4.2/4.8.5] ==> [/anaconda3/lib/gcc/x86_64-apple-darwin11.4.2/4.8.5]
  collapse library dir [/anaconda3/bin/../lib/gcc] ==> [/anaconda3/lib/gcc]
  collapse library dir [/anaconda3/bin/../lib/gcc/x86_64-apple-darwin11.4.2/4.8.5/../../..] ==> [/anaconda3/lib]
  collapse library dir [/anaconda3/lib/gcc/x86_64-apple-darwin11.4.2/4.8.5] ==> [/anaconda3/lib/gcc/x86_64-apple-darwin11.4.2/4.8.5]
  collapse library dir [/anaconda3/lib/gcc] ==> [/anaconda3/lib/gcc]
  collapse library dir [/anaconda3/lib] ==> [/anaconda3/lib]
  collapse library dir [/usr/lib] ==> [/usr/lib]
  collapse library dir [/usr/local/lib] ==> [/usr/local/lib]
  collapse framework dir [/Library/Frameworks/] ==> [/Library/Frameworks]
  collapse framework dir [/System/Library/Frameworks/] ==> [/System/Library/Frameworks]
  implicit libs: [gcc_ext.10.5;gcc]
  implicit dirs: [/anaconda3/lib/gcc/x86_64-apple-darwin11.4.2/4.8.5;/anaconda3/lib/gcc;/anaconda3/lib;/usr/lib;/usr/local/lib]
  implicit fwks: [/Library/Frameworks;/System/Library/Frameworks]




Detecting C [-std=c11] compiler features compiled with the following output:
Change Dir: /Users/jesse/Documents/Koulu/cpp/project/path-tracer-4/cmake-build-debug/CMakeFiles/CMakeTmp

Run Build Command:"/usr/bin/make" "cmTC_e3ed1/fast"
/Library/Developer/CommandLineTools/usr/bin/make -f CMakeFiles/cmTC_e3ed1.dir/build.make CMakeFiles/cmTC_e3ed1.dir/build
Building C object CMakeFiles/cmTC_e3ed1.dir/feature_tests.c.o
/anaconda3/bin/cc   -std=c11 -o CMakeFiles/cmTC_e3ed1.dir/feature_tests.c.o   -c /Users/jesse/Documents/Koulu/cpp/project/path-tracer-4/cmake-build-debug/CMakeFiles/feature_tests.c
Linking C executable cmTC_e3ed1
/Applications/CLion.app/Contents/bin/cmake/mac/bin/cmake -E cmake_link_script CMakeFiles/cmTC_e3ed1.dir/link.txt --verbose=1
/anaconda3/bin/cc   -Wl,-search_paths_first -Wl,-headerpad_max_install_names   CMakeFiles/cmTC_e3ed1.dir/feature_tests.c.o  -o cmTC_e3ed1 


    Feature record: C_FEATURE:1c_function_prototypes
    Feature record: C_FEATURE:1c_restrict
    Feature record: C_FEATURE:1c_static_assert
    Feature record: C_FEATURE:1c_variadic_macros


Detecting C [-std=c99] compiler features compiled with the following output:
Change Dir: /Users/jesse/Documents/Koulu/cpp/project/path-tracer-4/cmake-build-debug/CMakeFiles/CMakeTmp

Run Build Command:"/usr/bin/make" "cmTC_8f136/fast"
/Library/Developer/CommandLineTools/usr/bin/make -f CMakeFiles/cmTC_8f136.dir/build.make CMakeFiles/cmTC_8f136.dir/build
Building C object CMakeFiles/cmTC_8f136.dir/feature_tests.c.o
/anaconda3/bin/cc   -std=c99 -o CMakeFiles/cmTC_8f136.dir/feature_tests.c.o   -c /Users/jesse/Documents/Koulu/cpp/project/path-tracer-4/cmake-build-debug/CMakeFiles/feature_tests.c
Linking C executable cmTC_8f136
/Applications/CLion.app/Contents/bin/cmake/mac/bin/cmake -E cmake_link_script CMakeFiles/cmTC_8f136.dir/link.txt --verbose=1
/anaconda3/bin/cc   -Wl,-search_paths_first -Wl,-headerpad_max_install_names   CMakeFiles/cmTC_8f136.dir/feature_tests.c.o  -o cmTC_8f136 


    Feature record: C_FEATURE:1c_function_prototypes
    Feature record: C_FEATURE:1c_restrict
    Feature record: C_FEATURE:0c_static_assert
    Feature record: C_FEATURE:1c_variadic_macros


Detecting C [-std=c90] compiler features compiled with the following output:
Change Dir: /Users/jesse/Documents/Koulu/cpp/project/path-tracer-4/cmake-build-debug/CMakeFiles/CMakeTmp

Run Build Command:"/usr/bin/make" "cmTC_a23fd/fast"
/Library/Developer/CommandLineTools/usr/bin/make -f CMakeFiles/cmTC_a23fd.dir/build.make CMakeFiles/cmTC_a23fd.dir/build
Building C object CMakeFiles/cmTC_a23fd.dir/feature_tests.c.o
/anaconda3/bin/cc   -std=c90 -o CMakeFiles/cmTC_a23fd.dir/feature_tests.c.o   -c /Users/jesse/Documents/Koulu/cpp/project/path-tracer-4/cmake-build-debug/CMakeFiles/feature_tests.c
Linking C executable cmTC_a23fd
/Applications/CLion.app/Contents/bin/cmake/mac/bin/cmake -E cmake_link_script CMakeFiles/cmTC_a23fd.dir/link.txt --verbose=1
/anaconda3/bin/cc   -Wl,-search_paths_first -Wl,-headerpad_max_install_names   CMakeFiles/cmTC_a23fd.dir/feature_tests.c.o  -o cmTC_a23fd 


    Feature record: C_FEATURE:1c_function_prototypes
    Feature record: C_FEATURE:0c_restrict
    Feature record: C_FEATURE:0c_static_assert
    Feature record: C_FEATURE:0c_variadic_macros
Determining if the CXX compiler works passed with the following output:
Change Dir: /Users/jesse/Documents/Koulu/cpp/project/path-tracer-4/cmake-build-debug/CMakeFiles/CMakeTmp

Run Build Command:"/usr/bin/make" "cmTC_36431/fast"
/Library/Developer/CommandLineTools/usr/bin/make -f CMakeFiles/cmTC_36431.dir/build.make CMakeFiles/cmTC_36431.dir/build
Building CXX object CMakeFiles/cmTC_36431.dir/testCXXCompiler.cxx.o
/anaconda3/bin/c++     -o CMakeFiles/cmTC_36431.dir/testCXXCompiler.cxx.o -c /Users/jesse/Documents/Koulu/cpp/project/path-tracer-4/cmake-build-debug/CMakeFiles/CMakeTmp/testCXXCompiler.cxx
Linking CXX executable cmTC_36431
/Applications/CLion.app/Contents/bin/cmake/mac/bin/cmake -E cmake_link_script CMakeFiles/cmTC_36431.dir/link.txt --verbose=1
/anaconda3/bin/c++    -Wl,-search_paths_first -Wl,-headerpad_max_install_names   CMakeFiles/cmTC_36431.dir/testCXXCompiler.cxx.o  -o cmTC_36431 


Detecting CXX compiler ABI info compiled with the following output:
Change Dir: /Users/jesse/Documents/Koulu/cpp/project/path-tracer-4/cmake-build-debug/CMakeFiles/CMakeTmp

Run Build Command:"/usr/bin/make" "cmTC_ba193/fast"
/Library/Developer/CommandLineTools/usr/bin/make -f CMakeFiles/cmTC_ba193.dir/build.make CMakeFiles/cmTC_ba193.dir/build
Building CXX object CMakeFiles/cmTC_ba193.dir/CMakeCXXCompilerABI.cpp.o
/anaconda3/bin/c++     -o CMakeFiles/cmTC_ba193.dir/CMakeCXXCompilerABI.cpp.o -c /Applications/CLion.app/Contents/bin/cmake/mac/share/cmake-3.12/Modules/CMakeCXXCompilerABI.cpp
Linking CXX executable cmTC_ba193
/Applications/CLion.app/Contents/bin/cmake/mac/bin/cmake -E cmake_link_script CMakeFiles/cmTC_ba193.dir/link.txt --verbose=1
/anaconda3/bin/c++    -Wl,-search_paths_first -Wl,-headerpad_max_install_names  -v -Wl,-v CMakeFiles/cmTC_ba193.dir/CMakeCXXCompilerABI.cpp.o  -o cmTC_ba193 
Using built-in specs.
COLLECT_GCC=/anaconda3/bin/c++
COLLECT_LTO_WRAPPER=/anaconda3/bin/../libexec/gcc/x86_64-apple-darwin11.4.2/4.8.5/lto-wrapper
Target: x86_64-apple-darwin11.4.2
Configured with: ./configure --prefix=/Users/ray/mc-x64-3.5/conda-bld/gcc-4.8_1477649012852/_b_env_placehold_placehold_placehold_placehold_placehold_placehold_placehold_placehold_placehold_placehold_placehold_placehold_placehold_placehold_placehold_placehold_placehold_placehold_placehold_plac --with-gxx-include-dir=/Users/ray/mc-x64-3.5/conda-bld/gcc-4.8_1477649012852/_b_env_placehold_placehold_placehold_placehold_placehold_placehold_placehold_placehold_placehold_placehold_placehold_placehold_placehold_placehold_placehold_placehold_placehold_placehold_placehold_plac/gcc/include/c++ --bindir=/Users/ray/mc-x64-3.5/conda-bld/gcc-4.8_1477649012852/_b_env_placehold_placehold_placehold_placehold_placehold_placehold_placehold_placehold_placehold_placehold_placehold_placehold_placehold_placehold_placehold_placehold_placehold_placehold_placehold_plac/bin --datarootdir=/Users/ray/mc-x64-3.5/conda-bld/gcc-4.8_1477649012852/_b_env_placehold_placehold_placehold_placehold_placehold_placehold_placehold_placehold_placehold_placehold_placehold_placehold_placehold_placehold_placehold_placehold_placehold_placehold_placehold_plac/share --libdir=/Users/ray/mc-x64-3.5/conda-bld/gcc-4.8_1477649012852/_b_env_placehold_placehold_placehold_placehold_placehold_placehold_placehold_placehold_placehold_placehold_placehold_placehold_placehold_placehold_placehold_placehold_placehold_placehold_placehold_plac/lib --with-gmp=/Users/ray/mc-x64-3.5/conda-bld/gcc-4.8_1477649012852/_b_env_placehold_placehold_placehold_placehold_placehold_placehold_placehold_placehold_placehold_placehold_placehold_placehold_placehold_placehold_placehold_placehold_placehold_placehold_placehold_plac --with-mpfr=/Users/ray/mc-x64-3.5/conda-bld/gcc-4.8_1477649012852/_b_env_placehold_placehold_placehold_placehold_placehold_placehold_placehold_placehold_placehold_placehold_placehold_placehold_placehold_placehold_placehold_placehold_placehold_placehold_placehold_plac --with-mpc=/Users/ray/mc-x64-3.5/conda-bld/gcc-4.8_1477649012852/_b_env_placehold_placehold_placehold_placehold_placehold_placehold_placehold_placehold_placehold_placehold_placehold_placehold_placehold_placehold_placehold_placehold_placehold_placehold_placehold_plac --with-isl=/Users/ray/mc-x64-3.5/conda-bld/gcc-4.8_1477649012852/_b_env_placehold_placehold_placehold_placehold_placehold_placehold_placehold_placehold_placehold_placehold_placehold_placehold_placehold_placehold_placehold_placehold_placehold_placehold_placehold_plac --with-cloog=/Users/ray/mc-x64-3.5/conda-bld/gcc-4.8_1477649012852/_b_env_placehold_placehold_placehold_placehold_placehold_placehold_placehold_placehold_placehold_placehold_placehold_placehold_placehold_placehold_placehold_placehold_placehold_placehold_placehold_plac --with-boot-ldflags='-Wl,-headerpad_max_install_names -Wl,-L/Users/ray/mc-x64-3.5/conda-bld/gcc-4.8_1477649012852/_b_env_placehold_placehold_placehold_placehold_placehold_placehold_placehold_placehold_placehold_placehold_placehold_placehold_placehold_placehold_placehold_placehold_placehold_placehold_placehold_plac/lib -Wl,-L/usr/lib' --with-stage1-ldflags='-Wl,-headerpad_max_install_names -Wl,-L/Users/ray/mc-x64-3.5/conda-bld/gcc-4.8_1477649012852/_b_env_placehold_placehold_placehold_placehold_placehold_placehold_placehold_placehold_placehold_placehold_placehold_placehold_placehold_placehold_placehold_placehold_placehold_placehold_placehold_plac/lib -Wl,-L/usr/lib' --enable-checking=release --with-tune=generic --disable-multilib
Thread model: posix
gcc version 4.8.5 (GCC) 
COMPILER_PATH=/anaconda3/bin/../libexec/gcc/x86_64-apple-darwin11.4.2/4.8.5/:/anaconda3/bin/../libexec/gcc/
LIBRARY_PATH=/anaconda3/bin/../lib/gcc/x86_64-apple-darwin11.4.2/4.8.5/:/anaconda3/bin/../lib/gcc/:/anaconda3/bin/../lib/gcc/x86_64-apple-darwin11.4.2/4.8.5/../../../:/usr/lib/
COLLECT_GCC_OPTIONS='-mmacosx-version-min=10.13.5' '-v' '-o' 'cmTC_ba193' '-shared-libgcc' '-mtune=generic'
 /anaconda3/bin/../libexec/gcc/x86_64-apple-darwin11.4.2/4.8.5/collect2 -dynamic -arch x86_64 -macosx_version_min 10.13.5 -weak_reference_mismatches non-weak -o cmTC_ba193 -L/anaconda3/bin/../lib/gcc/x86_64-apple-darwin11.4.2/4.8.5 -L/anaconda3/bin/../lib/gcc -L/anaconda3/bin/../lib/gcc/x86_64-apple-darwin11.4.2/4.8.5/../../.. -search_paths_first -headerpad_max_install_names -v CMakeFiles/cmTC_ba193.dir/CMakeCXXCompilerABI.cpp.o -lstdc++ -no_compact_unwind -lSystem -lgcc_ext.10.5 -lgcc -lSystem -v
collect2 version 4.8.5
/usr/bin/ld -dynamic -arch x86_64 -macosx_version_min 10.13.5 -weak_reference_mismatches non-weak -o cmTC_ba193 -L/anaconda3/bin/../lib/gcc/x86_64-apple-darwin11.4.2/4.8.5 -L/anaconda3/bin/../lib/gcc -L/anaconda3/bin/../lib/gcc/x86_64-apple-darwin11.4.2/4.8.5/../../.. -search_paths_first -headerpad_max_install_names -v CMakeFiles/cmTC_ba193.dir/CMakeCXXCompilerABI.cpp.o -lstdc++ -no_compact_unwind -lSystem -lgcc_ext.10.5 -lgcc -lSystem -v
@(#)PROGRAM:ld  PROJECT:ld64-351.8
configured to support archs: armv6 armv7 armv7s arm64 i386 x86_64 x86_64h armv6m armv7k armv7m armv7em (tvOS)
@(#)PROGRAM:ld  PROJECT:ld64-351.8
configured to support archs: armv6 armv7 armv7s arm64 i386 x86_64 x86_64h armv6m armv7k armv7m armv7em (tvOS)
Library search paths:
	/anaconda3/lib/gcc/x86_64-apple-darwin11.4.2/4.8.5
	/anaconda3/lib/gcc
	/anaconda3/lib
	/usr/lib
	/usr/local/lib
Framework search paths:
	/Library/Frameworks/
	/System/Library/Frameworks/


Parsed CXX implicit link information from above output:
  link line regex: [^( *|.*[/\])(ld|CMAKE_LINK_STARTFILE-NOTFOUND|([^/\]+-)?ld|collect2)[^/\]*( |$)]
  ignore line: [Change Dir: /Users/jesse/Documents/Koulu/cpp/project/path-tracer-4/cmake-build-debug/CMakeFiles/CMakeTmp]
  ignore line: []
  ignore line: [Run Build Command:"/usr/bin/make" "cmTC_ba193/fast"]
  ignore line: [/Library/Developer/CommandLineTools/usr/bin/make -f CMakeFiles/cmTC_ba193.dir/build.make CMakeFiles/cmTC_ba193.dir/build]
  ignore line: [Building CXX object CMakeFiles/cmTC_ba193.dir/CMakeCXXCompilerABI.cpp.o]
  ignore line: [/anaconda3/bin/c++     -o CMakeFiles/cmTC_ba193.dir/CMakeCXXCompilerABI.cpp.o -c /Applications/CLion.app/Contents/bin/cmake/mac/share/cmake-3.12/Modules/CMakeCXXCompilerABI.cpp]
  ignore line: [Linking CXX executable cmTC_ba193]
  ignore line: [/Applications/CLion.app/Contents/bin/cmake/mac/bin/cmake -E cmake_link_script CMakeFiles/cmTC_ba193.dir/link.txt --verbose=1]
  ignore line: [/anaconda3/bin/c++    -Wl,-search_paths_first -Wl,-headerpad_max_install_names  -v -Wl,-v CMakeFiles/cmTC_ba193.dir/CMakeCXXCompilerABI.cpp.o  -o cmTC_ba193 ]
  ignore line: [Using built-in specs.]
  ignore line: [COLLECT_GCC=/anaconda3/bin/c++]
  ignore line: [COLLECT_LTO_WRAPPER=/anaconda3/bin/../libexec/gcc/x86_64-apple-darwin11.4.2/4.8.5/lto-wrapper]
  ignore line: [Target: x86_64-apple-darwin11.4.2]
  ignore line: [Configured with: ./configure --prefix=/Users/ray/mc-x64-3.5/conda-bld/gcc-4.8_1477649012852/_b_env_placehold_placehold_placehold_placehold_placehold_placehold_placehold_placehold_placehold_placehold_placehold_placehold_placehold_placehold_placehold_placehold_placehold_placehold_placehold_plac --with-gxx-include-dir=/Users/ray/mc-x64-3.5/conda-bld/gcc-4.8_1477649012852/_b_env_placehold_placehold_placehold_placehold_placehold_placehold_placehold_placehold_placehold_placehold_placehold_placehold_placehold_placehold_placehold_placehold_placehold_placehold_placehold_plac/gcc/include/c++ --bindir=/Users/ray/mc-x64-3.5/conda-bld/gcc-4.8_1477649012852/_b_env_placehold_placehold_placehold_placehold_placehold_placehold_placehold_placehold_placehold_placehold_placehold_placehold_placehold_placehold_placehold_placehold_placehold_placehold_placehold_plac/bin --datarootdir=/Users/ray/mc-x64-3.5/conda-bld/gcc-4.8_1477649012852/_b_env_placehold_placehold_placehold_placehold_placehold_placehold_placehold_placehold_placehold_placehold_placehold_placehold_placehold_placehold_placehold_placehold_placehold_placehold_placehold_plac/share --libdir=/Users/ray/mc-x64-3.5/conda-bld/gcc-4.8_1477649012852/_b_env_placehold_placehold_placehold_placehold_placehold_placehold_placehold_placehold_placehold_placehold_placehold_placehold_placehold_placehold_placehold_placehold_placehold_placehold_placehold_plac/lib --with-gmp=/Users/ray/mc-x64-3.5/conda-bld/gcc-4.8_1477649012852/_b_env_placehold_placehold_placehold_placehold_placehold_placehold_placehold_placehold_placehold_placehold_placehold_placehold_placehold_placehold_placehold_placehold_placehold_placehold_placehold_plac --with-mpfr=/Users/ray/mc-x64-3.5/conda-bld/gcc-4.8_1477649012852/_b_env_placehold_placehold_placehold_placehold_placehold_placehold_placehold_placehold_placehold_placehold_placehold_placehold_placehold_placehold_placehold_placehold_placehold_placehold_placehold_plac --with-mpc=/Users/ray/mc-x64-3.5/conda-bld/gcc-4.8_1477649012852/_b_env_placehold_placehold_placehold_placehold_placehold_placehold_placehold_placehold_placehold_placehold_placehold_placehold_placehold_placehold_placehold_placehold_placehold_placehold_placehold_plac --with-isl=/Users/ray/mc-x64-3.5/conda-bld/gcc-4.8_1477649012852/_b_env_placehold_placehold_placehold_placehold_placehold_placehold_placehold_placehold_placehold_placehold_placehold_placehold_placehold_placehold_placehold_placehold_placehold_placehold_placehold_plac --with-cloog=/Users/ray/mc-x64-3.5/conda-bld/gcc-4.8_1477649012852/_b_env_placehold_placehold_placehold_placehold_placehold_placehold_placehold_placehold_placehold_placehold_placehold_placehold_placehold_placehold_placehold_placehold_placehold_placehold_placehold_plac --with-boot-ldflags='-Wl,-headerpad_max_install_names -Wl,-L/Users/ray/mc-x64-3.5/conda-bld/gcc-4.8_1477649012852/_b_env_placehold_placehold_placehold_placehold_placehold_placehold_placehold_placehold_placehold_placehold_placehold_placehold_placehold_placehold_placehold_placehold_placehold_placehold_placehold_plac/lib -Wl,-L/usr/lib' --with-stage1-ldflags='-Wl,-headerpad_max_install_names -Wl,-L/Users/ray/mc-x64-3.5/conda-bld/gcc-4.8_1477649012852/_b_env_placehold_placehold_placehold_placehold_placehold_placehold_placehold_placehold_placehold_placehold_placehold_placehold_placehold_placehold_placehold_placehold_placehold_placehold_placehold_plac/lib -Wl,-L/usr/lib' --enable-checking=release --with-tune=generic --disable-multilib]
  ignore line: [Thread model: posix]
  ignore line: [gcc version 4.8.5 (GCC) ]
  ignore line: [COMPILER_PATH=/anaconda3/bin/../libexec/gcc/x86_64-apple-darwin11.4.2/4.8.5/:/anaconda3/bin/../libexec/gcc/]
  ignore line: [LIBRARY_PATH=/anaconda3/bin/../lib/gcc/x86_64-apple-darwin11.4.2/4.8.5/:/anaconda3/bin/../lib/gcc/:/anaconda3/bin/../lib/gcc/x86_64-apple-darwin11.4.2/4.8.5/../../../:/usr/lib/]
  ignore line: [COLLECT_GCC_OPTIONS='-mmacosx-version-min=10.13.5' '-v' '-o' 'cmTC_ba193' '-shared-libgcc' '-mtune=generic']
  link line: [ /anaconda3/bin/../libexec/gcc/x86_64-apple-darwin11.4.2/4.8.5/collect2 -dynamic -arch x86_64 -macosx_version_min 10.13.5 -weak_reference_mismatches non-weak -o cmTC_ba193 -L/anaconda3/bin/../lib/gcc/x86_64-apple-darwin11.4.2/4.8.5 -L/anaconda3/bin/../lib/gcc -L/anaconda3/bin/../lib/gcc/x86_64-apple-darwin11.4.2/4.8.5/../../.. -search_paths_first -headerpad_max_install_names -v CMakeFiles/cmTC_ba193.dir/CMakeCXXCompilerABI.cpp.o -lstdc++ -no_compact_unwind -lSystem -lgcc_ext.10.5 -lgcc -lSystem -v]
    arg [/anaconda3/bin/../libexec/gcc/x86_64-apple-darwin11.4.2/4.8.5/collect2] ==> ignore
    arg [-dynamic] ==> ignore
    arg [-arch] ==> ignore
    arg [x86_64] ==> ignore
    arg [-macosx_version_min] ==> ignore
    arg [10.13.5] ==> ignore
    arg [-weak_reference_mismatches] ==> ignore
    arg [non-weak] ==> ignore
    arg [-o] ==> ignore
    arg [cmTC_ba193] ==> ignore
    arg [-L/anaconda3/bin/../lib/gcc/x86_64-apple-darwin11.4.2/4.8.5] ==> dir [/anaconda3/bin/../lib/gcc/x86_64-apple-darwin11.4.2/4.8.5]
    arg [-L/anaconda3/bin/../lib/gcc] ==> dir [/anaconda3/bin/../lib/gcc]
    arg [-L/anaconda3/bin/../lib/gcc/x86_64-apple-darwin11.4.2/4.8.5/../../..] ==> dir [/anaconda3/bin/../lib/gcc/x86_64-apple-darwin11.4.2/4.8.5/../../..]
    arg [-search_paths_first] ==> ignore
    arg [-headerpad_max_install_names] ==> ignore
    arg [-v] ==> ignore
    arg [CMakeFiles/cmTC_ba193.dir/CMakeCXXCompilerABI.cpp.o] ==> ignore
    arg [-lstdc++] ==> lib [stdc++]
    arg [-no_compact_unwind] ==> ignore
    arg [-lSystem] ==> lib [System]
    arg [-lgcc_ext.10.5] ==> lib [gcc_ext.10.5]
    arg [-lgcc] ==> lib [gcc]
    arg [-lSystem] ==> lib [System]
    arg [-v] ==> ignore
  Library search paths: [;/anaconda3/lib/gcc/x86_64-apple-darwin11.4.2/4.8.5;/anaconda3/lib/gcc;/anaconda3/lib;/usr/lib;/usr/local/lib]
  Framework search paths: [;/Library/Frameworks/;/System/Library/Frameworks/]
  remove lib [System]
  remove lib [System]
  collapse library dir [/anaconda3/bin/../lib/gcc/x86_64-apple-darwin11.4.2/4.8.5] ==> [/anaconda3/lib/gcc/x86_64-apple-darwin11.4.2/4.8.5]
  collapse library dir [/anaconda3/bin/../lib/gcc] ==> [/anaconda3/lib/gcc]
  collapse library dir [/anaconda3/bin/../lib/gcc/x86_64-apple-darwin11.4.2/4.8.5/../../..] ==> [/anaconda3/lib]
  collapse library dir [/anaconda3/lib/gcc/x86_64-apple-darwin11.4.2/4.8.5] ==> [/anaconda3/lib/gcc/x86_64-apple-darwin11.4.2/4.8.5]
  collapse library dir [/anaconda3/lib/gcc] ==> [/anaconda3/lib/gcc]
  collapse library dir [/anaconda3/lib] ==> [/anaconda3/lib]
  collapse library dir [/usr/lib] ==> [/usr/lib]
  collapse library dir [/usr/local/lib] ==> [/usr/local/lib]
  collapse framework dir [/Library/Frameworks/] ==> [/Library/Frameworks]
  collapse framework dir [/System/Library/Frameworks/] ==> [/System/Library/Frameworks]
  implicit libs: [stdc++;gcc_ext.10.5;gcc]
  implicit dirs: [/anaconda3/lib/gcc/x86_64-apple-darwin11.4.2/4.8.5;/anaconda3/lib/gcc;/anaconda3/lib;/usr/lib;/usr/local/lib]
  implicit fwks: [/Library/Frameworks;/System/Library/Frameworks]




Detecting CXX [-std=c++1y] compiler features compiled with the following output:
Change Dir: /Users/jesse/Documents/Koulu/cpp/project/path-tracer-4/cmake-build-debug/CMakeFiles/CMakeTmp

Run Build Command:"/usr/bin/make" "cmTC_eebfe/fast"
/Library/Developer/CommandLineTools/usr/bin/make -f CMakeFiles/cmTC_eebfe.dir/build.make CMakeFiles/cmTC_eebfe.dir/build
Building CXX object CMakeFiles/cmTC_eebfe.dir/feature_tests.cxx.o
/anaconda3/bin/c++    -std=c++1y -o CMakeFiles/cmTC_eebfe.dir/feature_tests.cxx.o -c /Users/jesse/Documents/Koulu/cpp/project/path-tracer-4/cmake-build-debug/CMakeFiles/feature_tests.cxx
Linking CXX executable cmTC_eebfe
/Applications/CLion.app/Contents/bin/cmake/mac/bin/cmake -E cmake_link_script CMakeFiles/cmTC_eebfe.dir/link.txt --verbose=1
/anaconda3/bin/c++    -Wl,-search_paths_first -Wl,-headerpad_max_install_names   CMakeFiles/cmTC_eebfe.dir/feature_tests.cxx.o  -o cmTC_eebfe 


    Feature record: CXX_FEATURE:0cxx_aggregate_default_initializers
    Feature record: CXX_FEATURE:1cxx_alias_templates
    Feature record: CXX_FEATURE:1cxx_alignas
    Feature record: CXX_FEATURE:1cxx_alignof
    Feature record: CXX_FEATURE:1cxx_attributes
    Feature record: CXX_FEATURE:0cxx_attribute_deprecated
    Feature record: CXX_FEATURE:1cxx_auto_type
    Feature record: CXX_FEATURE:0cxx_binary_literals
    Feature record: CXX_FEATURE:1cxx_constexpr
    Feature record: CXX_FEATURE:0cxx_contextual_conversions
    Feature record: CXX_FEATURE:1cxx_decltype
    Feature record: CXX_FEATURE:0cxx_decltype_auto
    Feature record: CXX_FEATURE:1cxx_decltype_incomplete_return_types
    Feature record: CXX_FEATURE:1cxx_default_function_template_args
    Feature record: CXX_FEATURE:1cxx_defaulted_functions
    Feature record: CXX_FEATURE:1cxx_defaulted_move_initializers
    Feature record: CXX_FEATURE:1cxx_delegating_constructors
    Feature record: CXX_FEATURE:1cxx_deleted_functions
    Feature record: CXX_FEATURE:0cxx_digit_separators
    Feature record: CXX_FEATURE:1cxx_enum_forward_declarations
    Feature record: CXX_FEATURE:1cxx_explicit_conversions
    Feature record: CXX_FEATURE:1cxx_extended_friend_declarations
    Feature record: CXX_FEATURE:1cxx_extern_templates
    Feature record: CXX_FEATURE:1cxx_final
    Feature record: CXX_FEATURE:1cxx_func_identifier
    Feature record: CXX_FEATURE:1cxx_generalized_initializers
    Feature record: CXX_FEATURE:0cxx_generic_lambdas
    Feature record: CXX_FEATURE:1cxx_inheriting_constructors
    Feature record: CXX_FEATURE:1cxx_inline_namespaces
    Feature record: CXX_FEATURE:1cxx_lambdas
    Feature record: CXX_FEATURE:0cxx_lambda_init_captures
    Feature record: CXX_FEATURE:1cxx_local_type_template_args
    Feature record: CXX_FEATURE:1cxx_long_long_type
    Feature record: CXX_FEATURE:1cxx_noexcept
    Feature record: CXX_FEATURE:1cxx_nonstatic_member_init
    Feature record: CXX_FEATURE:1cxx_nullptr
    Feature record: CXX_FEATURE:1cxx_override
    Feature record: CXX_FEATURE:1cxx_range_for
    Feature record: CXX_FEATURE:1cxx_raw_string_literals
    Feature record: CXX_FEATURE:1cxx_reference_qualified_functions
    Feature record: CXX_FEATURE:0cxx_relaxed_constexpr
    Feature record: CXX_FEATURE:0cxx_return_type_deduction
    Feature record: CXX_FEATURE:1cxx_right_angle_brackets
    Feature record: CXX_FEATURE:1cxx_rvalue_references
    Feature record: CXX_FEATURE:1cxx_sizeof_member
    Feature record: CXX_FEATURE:1cxx_static_assert
    Feature record: CXX_FEATURE:1cxx_strong_enums
    Feature record: CXX_FEATURE:1cxx_template_template_parameters
    Feature record: CXX_FEATURE:1cxx_thread_local
    Feature record: CXX_FEATURE:1cxx_trailing_return_types
    Feature record: CXX_FEATURE:1cxx_unicode_literals
    Feature record: CXX_FEATURE:1cxx_uniform_initialization
    Feature record: CXX_FEATURE:1cxx_unrestricted_unions
    Feature record: CXX_FEATURE:1cxx_user_literals
    Feature record: CXX_FEATURE:0cxx_variable_templates
    Feature record: CXX_FEATURE:1cxx_variadic_macros
    Feature record: CXX_FEATURE:1cxx_variadic_templates


Detecting CXX [-std=c++11] compiler features compiled with the following output:
Change Dir: /Users/jesse/Documents/Koulu/cpp/project/path-tracer-4/cmake-build-debug/CMakeFiles/CMakeTmp

Run Build Command:"/usr/bin/make" "cmTC_3a910/fast"
/Library/Developer/CommandLineTools/usr/bin/make -f CMakeFiles/cmTC_3a910.dir/build.make CMakeFiles/cmTC_3a910.dir/build
Building CXX object CMakeFiles/cmTC_3a910.dir/feature_tests.cxx.o
/anaconda3/bin/c++    -std=c++11 -o CMakeFiles/cmTC_3a910.dir/feature_tests.cxx.o -c /Users/jesse/Documents/Koulu/cpp/project/path-tracer-4/cmake-build-debug/CMakeFiles/feature_tests.cxx
Linking CXX executable cmTC_3a910
/Applications/CLion.app/Contents/bin/cmake/mac/bin/cmake -E cmake_link_script CMakeFiles/cmTC_3a910.dir/link.txt --verbose=1
/anaconda3/bin/c++    -Wl,-search_paths_first -Wl,-headerpad_max_install_names   CMakeFiles/cmTC_3a910.dir/feature_tests.cxx.o  -o cmTC_3a910 


    Feature record: CXX_FEATURE:0cxx_aggregate_default_initializers
    Feature record: CXX_FEATURE:1cxx_alias_templates
    Feature record: CXX_FEATURE:1cxx_alignas
    Feature record: CXX_FEATURE:1cxx_alignof
    Feature record: CXX_FEATURE:1cxx_attributes
    Feature record: CXX_FEATURE:0cxx_attribute_deprecated
    Feature record: CXX_FEATURE:1cxx_auto_type
    Feature record: CXX_FEATURE:0cxx_binary_literals
    Feature record: CXX_FEATURE:1cxx_constexpr
    Feature record: CXX_FEATURE:0cxx_contextual_conversions
    Feature record: CXX_FEATURE:1cxx_decltype
    Feature record: CXX_FEATURE:0cxx_decltype_auto
    Feature record: CXX_FEATURE:1cxx_decltype_incomplete_return_types
    Feature record: CXX_FEATURE:1cxx_default_function_template_args
    Feature record: CXX_FEATURE:1cxx_defaulted_functions
    Feature record: CXX_FEATURE:1cxx_defaulted_move_initializers
    Feature record: CXX_FEATURE:1cxx_delegating_constructors
    Feature record: CXX_FEATURE:1cxx_deleted_functions
    Feature record: CXX_FEATURE:0cxx_digit_separators
    Feature record: CXX_FEATURE:1cxx_enum_forward_declarations
    Feature record: CXX_FEATURE:1cxx_explicit_conversions
    Feature record: CXX_FEATURE:1cxx_extended_friend_declarations
    Feature record: CXX_FEATURE:1cxx_extern_templates
    Feature record: CXX_FEATURE:1cxx_final
    Feature record: CXX_FEATURE:1cxx_func_identifier
    Feature record: CXX_FEATURE:1cxx_generalized_initializers
    Feature record: CXX_FEATURE:0cxx_generic_lambdas
    Feature record: CXX_FEATURE:1cxx_inheriting_constructors
    Feature record: CXX_FEATURE:1cxx_inline_namespaces
    Feature record: CXX_FEATURE:1cxx_lambdas
    Feature record: CXX_FEATURE:0cxx_lambda_init_captures
    Feature record: CXX_FEATURE:1cxx_local_type_template_args
    Feature record: CXX_FEATURE:1cxx_long_long_type
    Feature record: CXX_FEATURE:1cxx_noexcept
    Feature record: CXX_FEATURE:1cxx_nonstatic_member_init
    Feature record: CXX_FEATURE:1cxx_nullptr
    Feature record: CXX_FEATURE:1cxx_override
    Feature record: CXX_FEATURE:1cxx_range_for
    Feature record: CXX_FEATURE:1cxx_raw_string_literals
    Feature record: CXX_FEATURE:1cxx_reference_qualified_functions
    Feature record: CXX_FEATURE:0cxx_relaxed_constexpr
    Feature record: CXX_FEATURE:0cxx_return_type_deduction
    Feature record: CXX_FEATURE:1cxx_right_angle_brackets
    Feature record: CXX_FEATURE:1cxx_rvalue_references
    Feature record: CXX_FEATURE:1cxx_sizeof_member
    Feature record: CXX_FEATURE:1cxx_static_assert
    Feature record: CXX_FEATURE:1cxx_strong_enums
    Feature record: CXX_FEATURE:1cxx_template_template_parameters
    Feature record: CXX_FEATURE:1cxx_thread_local
    Feature record: CXX_FEATURE:1cxx_trailing_return_types
    Feature record: CXX_FEATURE:1cxx_unicode_literals
    Feature record: CXX_FEATURE:1cxx_uniform_initialization
    Feature record: CXX_FEATURE:1cxx_unrestricted_unions
    Feature record: CXX_FEATURE:1cxx_user_literals
    Feature record: CXX_FEATURE:0cxx_variable_templates
    Feature record: CXX_FEATURE:1cxx_variadic_macros
    Feature record: CXX_FEATURE:1cxx_variadic_templates


Detecting CXX [-std=c++98] compiler features compiled with the following output:
Change Dir: /Users/jesse/Documents/Koulu/cpp/project/path-tracer-4/cmake-build-debug/CMakeFiles/CMakeTmp

Run Build Command:"/usr/bin/make" "cmTC_625a5/fast"
/Library/Developer/CommandLineTools/usr/bin/make -f CMakeFiles/cmTC_625a5.dir/build.make CMakeFiles/cmTC_625a5.dir/build
Building CXX object CMakeFiles/cmTC_625a5.dir/feature_tests.cxx.o
/anaconda3/bin/c++    -std=c++98 -o CMakeFiles/cmTC_625a5.dir/feature_tests.cxx.o -c /Users/jesse/Documents/Koulu/cpp/project/path-tracer-4/cmake-build-debug/CMakeFiles/feature_tests.cxx
Linking CXX executable cmTC_625a5
/Applications/CLion.app/Contents/bin/cmake/mac/bin/cmake -E cmake_link_script CMakeFiles/cmTC_625a5.dir/link.txt --verbose=1
/anaconda3/bin/c++    -Wl,-search_paths_first -Wl,-headerpad_max_install_names   CMakeFiles/cmTC_625a5.dir/feature_tests.cxx.o  -o cmTC_625a5 


    Feature record: CXX_FEATURE:0cxx_aggregate_default_initializers
    Feature record: CXX_FEATURE:0cxx_alias_templates
    Feature record: CXX_FEATURE:0cxx_alignas
    Feature record: CXX_FEATURE:0cxx_alignof
    Feature record: CXX_FEATURE:0cxx_attributes
    Feature record: CXX_FEATURE:0cxx_attribute_deprecated
    Feature record: CXX_FEATURE:0cxx_auto_type
    Feature record: CXX_FEATURE:0cxx_binary_literals
    Feature record: CXX_FEATURE:0cxx_constexpr
    Feature record: CXX_FEATURE:0cxx_contextual_conversions
    Feature record: CXX_FEATURE:0cxx_decltype
    Feature record: CXX_FEATURE:0cxx_decltype_auto
    Feature record: CXX_FEATURE:0cxx_decltype_incomplete_return_types
    Feature record: CXX_FEATURE:0cxx_default_function_template_args
    Feature record: CXX_FEATURE:0cxx_defaulted_functions
    Feature record: CXX_FEATURE:0cxx_defaulted_move_initializers
    Feature record: CXX_FEATURE:0cxx_delegating_constructors
    Feature record: CXX_FEATURE:0cxx_deleted_functions
    Feature record: CXX_FEATURE:0cxx_digit_separators
    Feature record: CXX_FEATURE:0cxx_enum_forward_declarations
    Feature record: CXX_FEATURE:0cxx_explicit_conversions
    Feature record: CXX_FEATURE:0cxx_extended_friend_declarations
    Feature record: CXX_FEATURE:0cxx_extern_templates
    Feature record: CXX_FEATURE:0cxx_final
    Feature record: CXX_FEATURE:0cxx_func_identifier
    Feature record: CXX_FEATURE:0cxx_generalized_initializers
    Feature record: CXX_FEATURE:0cxx_generic_lambdas
    Feature record: CXX_FEATURE:0cxx_inheriting_constructors
    Feature record: CXX_FEATURE:0cxx_inline_namespaces
    Feature record: CXX_FEATURE:0cxx_lambdas
    Feature record: CXX_FEATURE:0cxx_lambda_init_captures
    Feature record: CXX_FEATURE:0cxx_local_type_template_args
    Feature record: CXX_FEATURE:0cxx_long_long_type
    Feature record: CXX_FEATURE:0cxx_noexcept
    Feature record: CXX_FEATURE:0cxx_nonstatic_member_init
    Feature record: CXX_FEATURE:0cxx_nullptr
    Feature record: CXX_FEATURE:0cxx_override
    Feature record: CXX_FEATURE:0cxx_range_for
    Feature record: CXX_FEATURE:0cxx_raw_string_literals
    Feature record: CXX_FEATURE:0cxx_reference_qualified_functions
    Feature record: CXX_FEATURE:0cxx_relaxed_constexpr
    Feature record: CXX_FEATURE:0cxx_return_type_deduction
    Feature record: CXX_FEATURE:0cxx_right_angle_brackets
    Feature record: CXX_FEATURE:0cxx_rvalue_references
    Feature record: CXX_FEATURE:0cxx_sizeof_member
    Feature record: CXX_FEATURE:0cxx_static_assert
    Feature record: CXX_FEATURE:0cxx_strong_enums
    Feature record: CXX_FEATURE:1cxx_template_template_parameters
    Feature record: CXX_FEATURE:0cxx_thread_local
    Feature record: CXX_FEATURE:0cxx_trailing_return_types
    Feature record: CXX_FEATURE:0cxx_unicode_literals
    Feature record: CXX_FEATURE:0cxx_uniform_initialization
    Feature record: CXX_FEATURE:0cxx_unrestricted_unions
    Feature record: CXX_FEATURE:0cxx_user_literals
    Feature record: CXX_FEATURE:0cxx_variable_templates
    Feature record: CXX_FEATURE:0cxx_variadic_macros
    Feature record: CXX_FEATURE:0cxx_variadic_templates
